# JRE version: OpenJDK Runtime Environment Temurin-17.0.10+7 (17.0.10+7) (build 17.0.10+7)
# Java VM: OpenJDK 64-Bit Server VM Temurin-17.0.10+7 (17.0.10+7, mixed mode, tiered, compressed oops, compressed class ptrs, parallel gc, windows-amd64)
GC Precious Log:
 CPUs: 4 total, 4 available
 Memory: 6013M
 Large Page Support: Disabled
 NUMA Support: Disabled
 Compressed Oops: Enabled (32-bit)
 Alignments: Space 512K, Generation 512K, Heap 2M
 Heap Min Capacity: 100M
 Heap Initial Capacity: 100M
 Heap Max Capacity: 1G
 Pre-touch: Disabled
 Parallel Workers: 4
Heap:
 PSYoungGen      total 102400K, used 51677K [0x00000000eab00000, 0x00000000f8600000, 0x0000000100000000)
  eden space 67584K, 41% used [0x00000000eab00000,0x00000000ec69d538,0x00000000eed00000)
  from space 34816K, 67% used [0x00000000eed00000,0x00000000f03d9f88,0x00000000f0f00000)
  to   space 75264K, 0% used [0x00000000f3c80000,0x00000000f3c80000,0x00000000f8600000)
 ParOldGen       total 463872K, used 340452K [0x00000000c0000000, 0x00000000dc500000, 0x00000000eab00000)
  object space 463872K, 73% used [0x00000000c0000000,0x00000000d4c793b8,0x00000000dc500000)
 Metaspace       used 69282K, committed 70464K, reserved 1114112K
  class space    used 7388K, committed 7936K, reserved 1048576K
GC Heap History (20 events):
Event: 55.292 GC heap before
{Heap before GC invocations=115 (full 8):
 PSYoungGen      total 60416K, used 60405K [0x00000000eab00000, 0x00000000f0500000, 0x0000000100000000)
  eden space 43520K, 100% used [0x00000000eab00000,0x00000000ed580000,0x00000000ed580000)
  from space 16896K, 99% used [0x00000000ed580000,0x00000000ee5fd5b0,0x00000000ee600000)
  to   space 24064K, 0% used [0x00000000eed80000,0x00000000eed80000,0x00000000f0500000)
 ParOldGen       total 255488K, used 224586K [0x00000000c0000000, 0x00000000cf980000, 0x00000000eab00000)
  object space 255488K, 87% used [0x00000000c0000000,0x00000000cdb528f0,0x00000000cf980000)
 Metaspace       used 68334K, committed 69568K, reserved 1114112K
  class space    used 7243K, committed 7808K, reserved 1048576K
}
Event: 55.311 GC heap after
{Heap after GC invocations=115 (full 8):
 PSYoungGen      total 61952K, used 15496K [0x00000000eab00000, 0x00000000efd00000, 0x0000000100000000)
  eden space 46080K, 0% used [0x00000000eab00000,0x00000000eab00000,0x00000000ed800000)
  from space 15872K, 97% used [0x00000000eed80000,0x00000000efca2330,0x00000000efd00000)
  to   space 18432K, 0% used [0x00000000ed900000,0x00000000ed900000,0x00000000eeb00000)
 ParOldGen       total 255488K, used 235227K [0x00000000c0000000, 0x00000000cf980000, 0x00000000eab00000)
  object space 255488K, 92% used [0x00000000c0000000,0x00000000ce5b6e48,0x00000000cf980000)
 Metaspace       used 68334K, committed 69568K, reserved 1114112K
  class space    used 7243K, committed 7808K, reserved 1048576K
}
Event: 55.520 GC heap before
{Heap before GC invocations=116 (full 8):
 PSYoungGen      total 61952K, used 61576K [0x00000000eab00000, 0x00000000efd00000, 0x0000000100000000)
  eden space 46080K, 100% used [0x00000000eab00000,0x00000000ed800000,0x00000000ed800000)
  from space 15872K, 97% used [0x00000000eed80000,0x00000000efca2330,0x00000000efd00000)
  to   space 18432K, 0% used [0x00000000ed900000,0x00000000ed900000,0x00000000eeb00000)
 ParOldGen       total 255488K, used 235227K [0x00000000c0000000, 0x00000000cf980000, 0x00000000eab00000)
  object space 255488K, 92% used [0x00000000c0000000,0x00000000ce5b6e48,0x00000000cf980000)
 Metaspace       used 68334K, committed 69568K, reserved 1114112K
  class space    used 7243K, committed 7808K, reserved 1048576K
}
Event: 55.538 GC heap after
{Heap after GC invocations=116 (full 8):
 PSYoungGen      total 65536K, used 18404K [0x00000000eab00000, 0x00000000f1100000, 0x0000000100000000)
  eden space 47104K, 0% used [0x00000000eab00000,0x00000000eab00000,0x00000000ed900000)
  from space 18432K, 99% used [0x00000000ed900000,0x00000000eeaf9150,0x00000000eeb00000)
  to   space 27648K, 0% used [0x00000000ef600000,0x00000000ef600000,0x00000000f1100000)
 ParOldGen       total 255488K, used 242530K [0x00000000c0000000, 0x00000000cf980000, 0x00000000eab00000)
  object space 255488K, 94% used [0x00000000c0000000,0x00000000cecd89b0,0x00000000cf980000)
 Metaspace       used 68334K, committed 69568K, reserved 1114112K
  class space    used 7243K, committed 7808K, reserved 1048576K
}
Event: 55.778 GC heap before
{Heap before GC invocations=117 (full 8):
 PSYoungGen      total 65536K, used 65508K [0x00000000eab00000, 0x00000000f1100000, 0x0000000100000000)
  eden space 47104K, 100% used [0x00000000eab00000,0x00000000ed900000,0x00000000ed900000)
  from space 18432K, 99% used [0x00000000ed900000,0x00000000eeaf9150,0x00000000eeb00000)
  to   space 27648K, 0% used [0x00000000ef600000,0x00000000ef600000,0x00000000f1100000)
 ParOldGen       total 255488K, used 242530K [0x00000000c0000000, 0x00000000cf980000, 0x00000000eab00000)
  object space 255488K, 94% used [0x00000000c0000000,0x00000000cecd89b0,0x00000000cf980000)
 Metaspace       used 68334K, committed 69568K, reserved 1114112K
  class space    used 7243K, committed 7808K, reserved 1048576K
}
Event: 55.799 GC heap after
{Heap after GC invocations=117 (full 8):
 PSYoungGen      total 67072K, used 16443K [0x00000000eab00000, 0x00000000f0680000, 0x0000000100000000)
  eden space 50176K, 0% used [0x00000000eab00000,0x00000000eab00000,0x00000000edc00000)
  from space 16896K, 97% used [0x00000000ef600000,0x00000000f060ed20,0x00000000f0680000)
  to   space 19968K, 0% used [0x00000000edf80000,0x00000000edf80000,0x00000000ef300000)
 ParOldGen       total 255488K, used 254470K [0x00000000c0000000, 0x00000000cf980000, 0x00000000eab00000)
  object space 255488K, 99% used [0x00000000c0000000,0x00000000cf881b50,0x00000000cf980000)
 Metaspace       used 68334K, committed 69568K, reserved 1114112K
  class space    used 7243K, committed 7808K, reserved 1048576K
}
Event: 55.799 GC heap before
{Heap before GC invocations=118 (full 9):
 PSYoungGen      total 67072K, used 16443K [0x00000000eab00000, 0x00000000f0680000, 0x0000000100000000)
  eden space 50176K, 0% used [0x00000000eab00000,0x00000000eab00000,0x00000000edc00000)
  from space 16896K, 97% used [0x00000000ef600000,0x00000000f060ed20,0x00000000f0680000)
  to   space 19968K, 0% used [0x00000000edf80000,0x00000000edf80000,0x00000000ef300000)
 ParOldGen       total 255488K, used 254470K [0x00000000c0000000, 0x00000000cf980000, 0x00000000eab00000)
  object space 255488K, 99% used [0x00000000c0000000,0x00000000cf881b50,0x00000000cf980000)
 Metaspace       used 68334K, committed 69568K, reserved 1114112K
  class space    used 7243K, committed 7808K, reserved 1048576K
}
Event: 56.131 GC heap after
{Heap after GC invocations=118 (full 9):
 PSYoungGen      total 70656K, used 10921K [0x00000000eab00000, 0x00000000f0680000, 0x0000000100000000)
  eden space 53760K, 0% used [0x00000000eab00000,0x00000000eab00000,0x00000000edf80000)
  from space 16896K, 64% used [0x00000000ef600000,0x00000000f00aa4e8,0x00000000f0680000)
  to   space 19968K, 0% used [0x00000000edf80000,0x00000000edf80000,0x00000000ef300000)
 ParOldGen       total 340992K, used 255429K [0x00000000c0000000, 0x00000000d4d00000, 0x00000000eab00000)
  object space 340992K, 74% used [0x00000000c0000000,0x00000000cf971630,0x00000000d4d00000)
 Metaspace       used 68334K, committed 69568K, reserved 1114112K
  class space    used 7243K, committed 7808K, reserved 1048576K
}
Event: 56.331 GC heap before
{Heap before GC invocations=119 (full 9):
 PSYoungGen      total 70656K, used 64681K [0x00000000eab00000, 0x00000000f0680000, 0x0000000100000000)
  eden space 53760K, 100% used [0x00000000eab00000,0x00000000edf80000,0x00000000edf80000)
  from space 16896K, 64% used [0x00000000ef600000,0x00000000f00aa4e8,0x00000000f0680000)
  to   space 19968K, 0% used [0x00000000edf80000,0x00000000edf80000,0x00000000ef300000)
 ParOldGen       total 340992K, used 255429K [0x00000000c0000000, 0x00000000d4d00000, 0x00000000eab00000)
  object space 340992K, 74% used [0x00000000c0000000,0x00000000cf971630,0x00000000d4d00000)
 Metaspace       used 68334K, committed 69568K, reserved 1114112K
  class space    used 7243K, committed 7808K, reserved 1048576K
}
Event: 56.374 GC heap after
{Heap after GC invocations=119 (full 9):
 PSYoungGen      total 73728K, used 19965K [0x00000000eab00000, 0x00000000f1380000, 0x0000000100000000)
  eden space 53760K, 0% used [0x00000000eab00000,0x00000000eab00000,0x00000000edf80000)
  from space 19968K, 99% used [0x00000000edf80000,0x00000000ef2ff708,0x00000000ef300000)
  to   space 24576K, 0% used [0x00000000efb80000,0x00000000efb80000,0x00000000f1380000)
 ParOldGen       total 340992K, used 258579K [0x00000000c0000000, 0x00000000d4d00000, 0x00000000eab00000)
  object space 340992K, 75% used [0x00000000c0000000,0x00000000cfc84cb0,0x00000000d4d00000)
 Metaspace       used 68334K, committed 69568K, reserved 1114112K
  class space    used 7243K, committed 7808K, reserved 1048576K
}
Event: 56.686 GC heap before
{Heap before GC invocations=120 (full 9):
 PSYoungGen      total 73728K, used 73725K [0x00000000eab00000, 0x00000000f1380000, 0x0000000100000000)
  eden space 53760K, 100% used [0x00000000eab00000,0x00000000edf80000,0x00000000edf80000)
  from space 19968K, 99% used [0x00000000edf80000,0x00000000ef2ff708,0x00000000ef300000)
  to   space 24576K, 0% used [0x00000000efb80000,0x00000000efb80000,0x00000000f1380000)
 ParOldGen       total 340992K, used 258579K [0x00000000c0000000, 0x00000000d4d00000, 0x00000000eab00000)
  object space 340992K, 75% used [0x00000000c0000000,0x00000000cfc84cb0,0x00000000d4d00000)
 Metaspace       used 68334K, committed 69568K, reserved 1114112K
  class space    used 7243K, committed 7808K, reserved 1048576K
}
Event: 56.718 GC heap after
{Heap after GC invocations=120 (full 9):
 PSYoungGen      total 80384K, used 22521K [0x00000000eab00000, 0x00000000f1180000, 0x0000000100000000)
  eden space 57856K, 0% used [0x00000000eab00000,0x00000000eab00000,0x00000000ee380000)
  from space 22528K, 99% used [0x00000000efb80000,0x00000000f117e7d0,0x00000000f1180000)
  to   space 23040K, 0% used [0x00000000ee480000,0x00000000ee480000,0x00000000efb00000)
 ParOldGen       total 340992K, used 268250K [0x00000000c0000000, 0x00000000d4d00000, 0x00000000eab00000)
  object space 340992K, 78% used [0x00000000c0000000,0x00000000d05f6a68,0x00000000d4d00000)
 Metaspace       used 68334K, committed 69568K, reserved 1114112K
  class space    used 7243K, committed 7808K, reserved 1048576K
}
Event: 57.136 GC heap before
{Heap before GC invocations=121 (full 9):
 PSYoungGen      total 80384K, used 80377K [0x00000000eab00000, 0x00000000f1180000, 0x0000000100000000)
  eden space 57856K, 100% used [0x00000000eab00000,0x00000000ee380000,0x00000000ee380000)
  from space 22528K, 99% used [0x00000000efb80000,0x00000000f117e7d0,0x00000000f1180000)
  to   space 23040K, 0% used [0x00000000ee480000,0x00000000ee480000,0x00000000efb00000)
 ParOldGen       total 340992K, used 268250K [0x00000000c0000000, 0x00000000d4d00000, 0x00000000eab00000)
  object space 340992K, 78% used [0x00000000c0000000,0x00000000d05f6a68,0x00000000d4d00000)
 Metaspace       used 68334K, committed 69568K, reserved 1114112K
  class space    used 7243K, committed 7808K, reserved 1048576K
}
Event: 57.167 GC heap after
{Heap after GC invocations=121 (full 9):
 PSYoungGen      total 81920K, used 23035K [0x00000000eab00000, 0x00000000f3a80000, 0x0000000100000000)
  eden space 58880K, 0% used [0x00000000eab00000,0x00000000eab00000,0x00000000ee480000)
  from space 23040K, 99% used [0x00000000ee480000,0x00000000efafec30,0x00000000efb00000)
  to   space 42496K, 0% used [0x00000000f1100000,0x00000000f1100000,0x00000000f3a80000)
 ParOldGen       total 340992K, used 284655K [0x00000000c0000000, 0x00000000d4d00000, 0x00000000eab00000)
  object space 340992K, 83% used [0x00000000c0000000,0x00000000d15fbc50,0x00000000d4d00000)
 Metaspace       used 68334K, committed 69568K, reserved 1114112K
  class space    used 7243K, committed 7808K, reserved 1048576K
}
Event: 57.434 GC heap before
{Heap before GC invocations=122 (full 9):
 PSYoungGen      total 81920K, used 81915K [0x00000000eab00000, 0x00000000f3a80000, 0x0000000100000000)
  eden space 58880K, 100% used [0x00000000eab00000,0x00000000ee480000,0x00000000ee480000)
  from space 23040K, 99% used [0x00000000ee480000,0x00000000efafec30,0x00000000efb00000)
  to   space 42496K, 0% used [0x00000000f1100000,0x00000000f1100000,0x00000000f3a80000)
 ParOldGen       total 340992K, used 284655K [0x00000000c0000000, 0x00000000d4d00000, 0x00000000eab00000)
  object space 340992K, 83% used [0x00000000c0000000,0x00000000d15fbc50,0x00000000d4d00000)
 Metaspace       used 68334K, committed 69568K, reserved 1114112K
  class space    used 7243K, committed 7808K, reserved 1048576K
}
Event: 57.761 GC heap after
{Heap after GC invocations=122 (full 9):
 PSYoungGen      total 98816K, used 32271K [0x00000000eab00000, 0x00000000f3100000, 0x0000000100000000)
  eden space 66048K, 0% used [0x00000000eab00000,0x00000000eab00000,0x00000000eeb80000)
  from space 32768K, 98% used [0x00000000f1100000,0x00000000f3083c70,0x00000000f3100000)
  to   space 34816K, 0% used [0x00000000eed00000,0x00000000eed00000,0x00000000f0f00000)
 ParOldGen       total 340992K, used 297300K [0x00000000c0000000, 0x00000000d4d00000, 0x00000000eab00000)
  object space 340992K, 87% used [0x00000000c0000000,0x00000000d22553a0,0x00000000d4d00000)
 Metaspace       used 68334K, committed 69568K, reserved 1114112K
  class space    used 7243K, committed 7808K, reserved 1048576K
}
Event: 59.798 GC heap before
{Heap before GC invocations=123 (full 9):
 PSYoungGen      total 98816K, used 98319K [0x00000000eab00000, 0x00000000f3100000, 0x0000000100000000)
  eden space 66048K, 100% used [0x00000000eab00000,0x00000000eeb80000,0x00000000eeb80000)
  from space 32768K, 98% used [0x00000000f1100000,0x00000000f3083c70,0x00000000f3100000)
  to   space 34816K, 0% used [0x00000000eed00000,0x00000000eed00000,0x00000000f0f00000)
 ParOldGen       total 340992K, used 297300K [0x00000000c0000000, 0x00000000d4d00000, 0x00000000eab00000)
  object space 340992K, 87% used [0x00000000c0000000,0x00000000d22553a0,0x00000000d4d00000)
 Metaspace       used 68516K, committed 69696K, reserved 1114112K
  class space    used 7259K, committed 7808K, reserved 1048576K
}
Event: 59.902 GC heap after
{Heap after GC invocations=123 (full 9):
 PSYoungGen      total 102400K, used 34813K [0x00000000eab00000, 0x00000000f8580000, 0x0000000100000000)
  eden space 67584K, 0% used [0x00000000eab00000,0x00000000eab00000,0x00000000eed00000)
  from space 34816K, 99% used [0x00000000eed00000,0x00000000f0eff658,0x00000000f0f00000)
  to   space 75264K, 0% used [0x00000000f3c00000,0x00000000f3c00000,0x00000000f8580000)
 ParOldGen       total 340992K, used 331376K [0x00000000c0000000, 0x00000000d4d00000, 0x00000000eab00000)
  object space 340992K, 97% used [0x00000000c0000000,0x00000000d439c248,0x00000000d4d00000)
 Metaspace       used 68516K, committed 69696K, reserved 1114112K
  class space    used 7259K, committed 7808K, reserved 1048576K
}
Event: 59.902 GC heap before
{Heap before GC invocations=124 (full 10):
 PSYoungGen      total 102400K, used 34813K [0x00000000eab00000, 0x00000000f8580000, 0x0000000100000000)
  eden space 67584K, 0% used [0x00000000eab00000,0x00000000eab00000,0x00000000eed00000)
  from space 34816K, 99% used [0x00000000eed00000,0x00000000f0eff658,0x00000000f0f00000)
  to   space 75264K, 0% used [0x00000000f3c00000,0x00000000f3c00000,0x00000000f8580000)
 ParOldGen       total 340992K, used 331376K [0x00000000c0000000, 0x00000000d4d00000, 0x00000000eab00000)
  object space 340992K, 97% used [0x00000000c0000000,0x00000000d439c248,0x00000000d4d00000)
 Metaspace       used 68516K, committed 69696K, reserved 1114112K
  class space    used 7259K, committed 7808K, reserved 1048576K
}
Event: 62.229 GC heap after
{Heap after GC invocations=124 (full 10):
 PSYoungGen      total 102400K, used 23399K [0x00000000eab00000, 0x00000000f8600000, 0x0000000100000000)
  eden space 67584K, 0% used [0x00000000eab00000,0x00000000eab00000,0x00000000eed00000)
  from space 34816K, 67% used [0x00000000eed00000,0x00000000f03d9f88,0x00000000f0f00000)
  to   space 75264K, 0% used [0x00000000f3c80000,0x00000000f3c80000,0x00000000f8600000)
 ParOldGen       total 463872K, used 340452K [0x00000000c0000000, 0x00000000dc500000, 0x00000000eab00000)
  object space 463872K, 73% used [0x00000000c0000000,0x00000000d4c793b8,0x00000000dc500000)
 Metaspace       used 68516K, committed 69696K, reserved 1114112K
  class space    used 7259K, committed 7808K, reserved 1048576K
}

